{
  "RSpec": {
    "coverage": {
      "/Users/boti/Rails/toptal_screening/app/models/user.rb": [
        1,
        null,
        null,
        1,
        null,
        null,
        1,
        1,
        null,
        null,
        1,
        null
      ],
      "/Users/boti/Rails/toptal_screening/app/helpers/application_helper.rb": [
        1,
        null
      ],
      "/Users/boti/Rails/toptal_screening/app/helpers/tasks_helper.rb": [
        1,
        null
      ],
      "/Users/boti/Rails/toptal_screening/app/controllers/work_sessions_controller.rb": [
        1,
        1,
        1,
        null,
        1,
        null,
        1,
        null,
        1,
        3,
        null,
        null
      ],
      "/Users/boti/Rails/toptal_screening/app/controllers/application_controller.rb": [
        1,
        null,
        null,
        1,
        null,
        1,
        null,
        1,
        null,
        1,
        27,
        null,
        null,
        null
      ],
      "/Users/boti/Rails/toptal_screening/app/models/work_session.rb": [
        1,
        1,
        null,
        1,
        1,
        1,
        1,
        null
      ]
    },
    "timestamp": 1431944763
  }
}
