{
  "RSpec": {
    "coverage": {
      "/Users/boti/Rails/toptal_screening/app/models/user.rb": [
        1,
        null,
        null,
        1,
        null,
        null,
        1,
        1,
        null,
        null,
        1,
        null
      ],
      "/Users/boti/Rails/toptal_screening/app/helpers/application_helper.rb": [
        1,
        null
      ],
      "/Users/boti/Rails/toptal_screening/app/helpers/tasks_helper.rb": [
        1,
        null
      ],
      "/Users/boti/Rails/toptal_screening/app/controllers/tasks_controller.rb": [
        1,
        null,
        1,
        null,
        1,
        null,
        null
      ],
      "/Users/boti/Rails/toptal_screening/app/controllers/application_controller.rb": [
        1,
        null,
        null,
        1,
        null,
        1,
        null,
        1,
        null,
        1,
        0,
        null,
        null,
        null
      ]
    },
    "timestamp": 1431693756
  }
}
